<?xml version="1.0" encoding="UTF-8"?>
<!-- Generated by org.testng.reporters.JUnitXMLReporter -->
<testsuite ignored="0" hostname="Lenovo" failures="0" tests="4" name="Default test" time="132.18" errors="0" timestamp="2021-05-15T18:25:20 IST">
  <testcase classname="urbanladder.Main" name="book" time="81.647"/>
  <testcase classname="urbanladder.Main" name="collection" time="10.297"/>
  <testcase classname="urbanladder.Main" name="GiftCard" time="23.073"/>
  <testcase classname="urbanladder.Main" name="chair" time="16.922"/>
</testsuite> <!-- Default test -->
